0.000 [ Info   ][Logger] No ORO_LOGLEVEL environment variable set.
0.000 [ Info   ][Logger]  OROCOS version '2.6.0' compiled with GCC 4.6.3. Running in GNU/Linux.
0.000 [ Info   ][Logger] Orocos Logging Activated at level : [ Warning] ( 4 ) 
0.000 [ Info   ][Logger] Reference System Time is : 1389786414001750920 ticks ( 1.38979e+09 seconds ).
0.000 [ Info   ][Logger] Logging is relative to this time.
0.000 [ Warning][Logger] Console logging disabled
0.000 [ Info   ][Logger] No RTT_COMPONENT_PATH set. Using default: /opt/ros/fuerte/stacks/orocos/orocos_toolchain/rtt/../install/lib/orocos
0.000 [ Info   ][Logger] plugin 'rtt' not loaded before.
0.000 [ Info   ][Logger] Loading plugin libraries from directory /opt/ros/fuerte/stacks/orocos/orocos_toolchain/rtt/../install/lib/orocos/gnulinux/./plugins ...
0.002 [ Info   ][Logger] Loaded RTT Service 'marshalling' from 'rtt-marshalling'
0.010 [ Info   ][Logger] Loaded RTT Service 'scripting' from 'rtt-scripting'
0.010 [ Info   ][Logger] typekit 'rtt' not loaded before.
0.010 [ Info   ][Logger] Loading typekit libraries from directory /opt/ros/fuerte/stacks/orocos/orocos_toolchain/rtt/../install/lib/orocos/gnulinux/./types ...
0.013 [ Info   ][TypekitRepository::Import] Loading Transport mqueue://rtt-types.
0.013 [ Info   ][Logger] Loaded RTT TypeKit/Transport 'rtt-mqueue-transport' from 'rtt-transport-mqueue'
0.028 [ Info   ][TypekitRepository::Import] Loading Typekit rtt-types.
0.028 [ Info   ][TypekitRepository::Import] Registered new 'mqueue' transport for int
0.028 [ Info   ][TypekitRepository::Import] Registered new 'mqueue' transport for uint
0.028 [ Info   ][TypekitRepository::Import] Registered new 'mqueue' transport for double
0.028 [ Info   ][TypekitRepository::Import] Registered new 'mqueue' transport for float
0.028 [ Info   ][TypekitRepository::Import] Registered new 'mqueue' transport for char
0.028 [ Info   ][TypekitRepository::Import] Registered new 'mqueue' transport for bool
0.028 [ Info   ][TypekitRepository::Import] Registered new 'mqueue' transport for array
0.028 [ Info   ][Logger] Loaded RTT TypeKit/Transport 'rtt-types' from 'rtt-typekit'
0.043 [ Info   ][TypekitRepository::Import] Loading Transport CORBA://rtt-types.
0.043 [ Info   ][TypekitRepository::Import] Registered new 'CORBA' transport for ConnPolicy
0.043 [ Info   ][TypekitRepository::Import] Registered new 'CORBA' transport for TaskContext
0.043 [ Info   ][TypekitRepository::Import] Registered new 'CORBA' transport for array
0.043 [ Info   ][TypekitRepository::Import] Registered new 'CORBA' transport for bool
0.043 [ Info   ][TypekitRepository::Import] Registered new 'CORBA' transport for char
0.043 [ Info   ][TypekitRepository::Import] Registered new 'CORBA' transport for double
0.044 [ Info   ][TypekitRepository::Import] Registered new 'CORBA' transport for float
0.044 [ Info   ][TypekitRepository::Import] Registered new 'CORBA' transport for int
0.044 [ Info   ][TypekitRepository::Import] Registered new 'CORBA' transport for string
0.044 [ Info   ][TypekitRepository::Import] Registered new 'CORBA' transport for uint
0.044 [ Info   ][TypekitRepository::Import] Registered new 'CORBA' transport for void
0.044 [ Info   ][Logger] Loaded RTT TypeKit/Transport 'rtt-corba-types' from 'rtt-transport-corba'
0.044 [ Info   ][Logger] No RTT_COMPONENT_PATH set. Using default: /opt/ros/fuerte/stacks/orocos/orocos_toolchain/rtt/../install/lib/orocos
0.044 [ Info   ][Logger] OCL factory set for real-time logging
0.044 [ Info   ][Thread] Creating Thread for scheduler=ORO_SCHED_OTHER, priority=1, CPU affinity=0, with name='Deployer'
0.044 [ Info   ][Deployer] Thread created with scheduler type 'ORO_SCHED_OTHER', priority 0, cpu affinity 255 and period 0 (PID= 21320 ).
0.044 [ Info   ][Thread] Creating Thread for scheduler=ORO_SCHED_OTHER, priority=1, CPU affinity=0, with name='GlobalEngine'
0.044 [ Info   ][GlobalEngine] Thread created with scheduler type 'ORO_SCHED_OTHER', priority 0, cpu affinity 255 and period 0 (PID= 21321 ).
0.045 [ Info   ][Logger] No site file was found. Importing 'ocl' by default.
0.318 [ Info   ][DeploymentComponent::import] Importing directory /opt/ros/fuerte/stacks/orocos/orocos_toolchain/rtt/../install/lib/orocos/gnulinux/ocl ...
0.323 [ Info   ][DeploymentComponent::import] Loaded component type 'OCL::logging::Log4cxxAppender'
0.324 [ Info   ][DeploymentComponent::import] Loaded component type 'OCL::HelloWorld'
0.325 [ Info   ][DeploymentComponent::import] Loaded multi component library '/opt/ros/fuerte/stacks/orocos/orocos_toolchain/rtt/../install/lib/orocos/gnulinux/ocl/liborocos-ocl-reporting-gnulinux.so'
0.326 [ Info   ][DeploymentComponent::import] Loaded multi component library '/opt/ros/fuerte/stacks/orocos/orocos_toolchain/rtt/../install/lib/orocos/gnulinux/ocl/liborocos-ocl-logging-gnulinux.so'
0.327 [ Info   ][DeploymentComponent::import] Loaded multi component library '/opt/ros/fuerte/stacks/orocos/orocos_toolchain/rtt/../install/lib/orocos/gnulinux/ocl/liborocos-ocl-common-gnulinux.so'
0.329 [ Info   ][DeploymentComponent::import] Loaded multi component library '/opt/ros/fuerte/stacks/orocos/orocos_toolchain/rtt/../install/lib/orocos/gnulinux/ocl/liborocos-ocl-timer-gnulinux.so'
0.342 [ Info   ][DeploymentComponent::import] Loaded multi component library '/opt/ros/fuerte/stacks/orocos/orocos_toolchain/rtt/../install/lib/orocos/gnulinux/ocl/liborocos-ocl-reporting-netcdf-gnulinux.so'
0.342 [ Info   ][DeploymentComponent::import] Loaded component type 'OCL::NetcdfReporting'
0.343 [ Info   ][DeploymentComponent::import] Loading typekit libraries from directory /opt/ros/fuerte/stacks/orocos/orocos_toolchain/rtt/../install/lib/orocos/gnulinux/ocl/types ...
0.346 [ Info   ][TypekitRepository::Import] Loading Typekit OCLTypekit.
0.346 [ Info   ][DeploymentComponent::import] Loaded RTT TypeKit/Transport 'OCLTypekit' from 'ocl'
0.346 [ Info   ][DeploymentComponent::import] Loading plugin libraries from directory /opt/ros/fuerte/stacks/orocos/orocos_toolchain/rtt/../install/lib/orocos/gnulinux/ocl/plugins ...
0.348 [ Info   ][DeploymentComponent::import] Loaded RTT Service 'os' from 'os'
0.348 [ Info   ][DeploymentComponent::import] Loaded RTT Service 'print' from 'print'
0.348 [ Info   ][Logger] Loading Service or Plugin scripting in TaskContext Deployer
0.349 [ Info   ][Logger] Found complete interface of requested service 'scripting'
0.349 [ Info   ][Logger] Running Script /home/student/branches_svn/STACK_OF_TASKS/stacks/reem_robot/reem_hardware_tests/config/dummy_act_mgr_test.ops ...
0.352 [ Info   ][DeploymentComponent::import] Importing directory /opt/ros/fuerte/stacks/orocos/rtt_ros_integration/rtt_rospack/lib/orocos/gnulinux ...
0.352 [ Info   ][DeploymentComponent::import] Loading plugin libraries from directory /opt/ros/fuerte/stacks/orocos/rtt_ros_integration/rtt_rospack/lib/orocos/gnulinux/plugins ...
0.353 [ Info   ][DeploymentComponent::import] Loaded RTT Plugin 'rospack' from 'rtt_rospack'
0.353 [ Info   ][DeploymentComponent::import] Importing directory /opt/ros/fuerte/stacks/orocos/rtt_ros_integration/rtt_rosnode/lib/orocos/gnulinux ...
0.353 [ Info   ][DeploymentComponent::import] Loading typekit libraries from directory /opt/ros/fuerte/stacks/orocos/rtt_ros_integration/rtt_rosnode/lib/orocos/gnulinux/types ...
0.386 [ Info   ][TypekitRepository::Import] Loading Typekit ros-primitives.
0.387 [ Info   ][DeploymentComponent::import] Loaded RTT TypeKit/Transport 'ros-primitives' from 'rtt-ros-primitives-typekit'
0.387 [ Info   ][DeploymentComponent::import] Loading plugin libraries from directory /opt/ros/fuerte/stacks/orocos/rtt_ros_integration/rtt_rosnode/lib/orocos/gnulinux/plugins ...
0.396 [ Info   ][DeploymentComponent::import] Loaded RTT Service 'rosparam' from 'rtt_rosparam_service'
0.398 [ Info   ][DeploymentComponent::import] Initializing ROS node
0.407 [ Info   ][DeploymentComponent::import] ROS node spinner started
0.407 [ Info   ][DeploymentComponent::import] Loaded RTT Plugin 'ros_integration' from 'rtt_rosnode'
0.423 [ Info   ][DeploymentComponent::import] Importing directory /opt/ros/fuerte/stacks/orocos/rtt_ros_comm/rtt_std_msgs/lib/orocos/gnulinux ...
0.423 [ Info   ][DeploymentComponent::import] Loading typekit libraries from directory /opt/ros/fuerte/stacks/orocos/rtt_ros_comm/rtt_std_msgs/lib/orocos/gnulinux/types ...
0.512 [ Info   ][TypekitRepository::Import] Loading Typekit ros-std_msgs.
0.514 [ Info   ][DeploymentComponent::import] Loaded RTT TypeKit/Transport 'ros-std_msgs' from 'rtt-std_msgs-typekit'
0.529 [ Info   ][TypekitRepository::Import] Loading Transport ros://ros-std_msgs.
0.529 [ Info   ][TypekitRepository::Import] Registered new 'ros' transport for /std_msgs/Bool
0.529 [ Info   ][TypekitRepository::Import] Registered new 'ros' transport for /std_msgs/Byte
0.529 [ Info   ][TypekitRepository::Import] Registered new 'ros' transport for /std_msgs/ByteMultiArray
0.529 [ Info   ][TypekitRepository::Import] Registered new 'ros' transport for /std_msgs/Char
0.529 [ Info   ][TypekitRepository::Import] Registered new 'ros' transport for /std_msgs/ColorRGBA
0.529 [ Info   ][TypekitRepository::Import] Registered new 'ros' transport for /std_msgs/Duration
0.529 [ Info   ][TypekitRepository::Import] Registered new 'ros' transport for /std_msgs/Empty
0.529 [ Info   ][TypekitRepository::Import] Registered new 'ros' transport for /std_msgs/Float32
0.529 [ Info   ][TypekitRepository::Import] Registered new 'ros' transport for /std_msgs/Float32MultiArray
0.529 [ Info   ][TypekitRepository::Import] Registered new 'ros' transport for /std_msgs/Float64
0.529 [ Info   ][TypekitRepository::Import] Registered new 'ros' transport for /std_msgs/Float64MultiArray
0.529 [ Info   ][TypekitRepository::Import] Registered new 'ros' transport for /std_msgs/Header
0.529 [ Info   ][TypekitRepository::Import] Registered new 'ros' transport for /std_msgs/Int16
0.529 [ Info   ][TypekitRepository::Import] Registered new 'ros' transport for /std_msgs/Int16MultiArray
0.529 [ Info   ][TypekitRepository::Import] Registered new 'ros' transport for /std_msgs/Int32
0.529 [ Info   ][TypekitRepository::Import] Registered new 'ros' transport for /std_msgs/Int32MultiArray
0.529 [ Info   ][TypekitRepository::Import] Registered new 'ros' transport for /std_msgs/Int64
0.529 [ Info   ][TypekitRepository::Import] Registered new 'ros' transport for /std_msgs/Int64MultiArray
0.529 [ Info   ][TypekitRepository::Import] Registered new 'ros' transport for /std_msgs/Int8
0.529 [ Info   ][TypekitRepository::Import] Registered new 'ros' transport for /std_msgs/Int8MultiArray
0.529 [ Info   ][TypekitRepository::Import] Registered new 'ros' transport for /std_msgs/MultiArrayDimension
0.529 [ Info   ][TypekitRepository::Import] Registered new 'ros' transport for /std_msgs/MultiArrayLayout
0.529 [ Info   ][TypekitRepository::Import] Registered new 'ros' transport for /std_msgs/String
0.529 [ Info   ][TypekitRepository::Import] Registered new 'ros' transport for /std_msgs/Time
0.529 [ Info   ][TypekitRepository::Import] Registered new 'ros' transport for /std_msgs/UInt16
0.529 [ Info   ][TypekitRepository::Import] Registered new 'ros' transport for /std_msgs/UInt16MultiArray
0.529 [ Info   ][TypekitRepository::Import] Registered new 'ros' transport for /std_msgs/UInt32
0.529 [ Info   ][TypekitRepository::Import] Registered new 'ros' transport for /std_msgs/UInt32MultiArray
0.529 [ Info   ][TypekitRepository::Import] Registered new 'ros' transport for /std_msgs/UInt64
0.529 [ Info   ][TypekitRepository::Import] Registered new 'ros' transport for /std_msgs/UInt64MultiArray
0.529 [ Info   ][TypekitRepository::Import] Registered new 'ros' transport for /std_msgs/UInt8
0.529 [ Info   ][TypekitRepository::Import] Registered new 'ros' transport for /std_msgs/UInt8MultiArray
0.529 [ Info   ][DeploymentComponent::import] Loaded RTT TypeKit/Transport 'rtt-ros-std_msgs-transport' from 'rtt-std_msgs-ros-transport'
0.529 [ Info   ][DeploymentComponent::import] Importing directory /home/student/branches_svn/STACK_OF_TASKS/stacks/reem_robot/reem_hardware/lib/orocos/gnulinux ...
0.547 [ Info   ][DeploymentComponent::import] Loaded component type 'reem_hardware::ReemHardware'
0.547 [ Info   ][DeploymentComponent::import] Importing directory /home/student/branches_svn/STACK_OF_TASKS/stacks/reem_robot/reem_hardware_tests/lib/orocos/gnulinux ...
0.551 [ Info   ][DeploymentComponent::import] Loaded component type 'reem_hardware::DummyActuatorsManager'
0.552 [ Info   ][Thread] Creating Thread for scheduler=ORO_SCHED_OTHER, priority=1, CPU affinity=0, with name='actuatorsMgr'
0.553 [ Info   ][actuatorsMgr] Thread created with scheduler type 'ORO_SCHED_OTHER', priority 0, cpu affinity 255 and period 0 (PID= 21333 ).
0.553 [ Info   ][DeploymentComponent::loadComponent] Adding actuatorsMgr as new peer:  OK.
0.553 [ Info   ][Thread] Creating Thread for scheduler=ORO_SCHED_RT, priority=99, CPU affinity=4294967295, with name='actuatorsMgr'
0.553 [ Warning][Thread] Forcing priority (99) of thread with !SCHED_OTHER policy to the pam_limit of 95
0.554 [ Info   ][actuatorsMgr] Thread created with scheduler type 'ORO_SCHED_RT', priority 95, cpu affinity 255 and period 0.01 (PID= 21334 ).
0.556 [ Info   ][DeploymentComponent::import] Component package 'reem_hardware' already imported.
0.557 [ Info   ][Thread] Creating Thread for scheduler=ORO_SCHED_OTHER, priority=1, CPU affinity=0, with name='robot_hw'
0.557 [ Info   ][robot_hw] Thread created with scheduler type 'ORO_SCHED_OTHER', priority 0, cpu affinity 255 and period 0 (PID= 21335 ).
0.557 [ Info   ][DeploymentComponent::loadComponent] Adding robot_hw as new peer:  OK.
0.559 [ Info   ][Thread] Creating Thread for scheduler=ORO_SCHED_RT, priority=50, CPU affinity=4294967295, with name='robot_hw'
0.559 [ Info   ][robot_hw] Thread created with scheduler type 'ORO_SCHED_RT', priority 50, cpu affinity 255 and period 0.01 (PID= 21337 ).
0.560 [ Info   ][robot_hw] Found complete interface of requested service 'robot_hw'
0.560 [ Info   ][robot_hw] Found complete interface of requested service 'actuatorsMgr'
0.563 [ Info   ][ScriptingService] Created input stream for input port emergency_stop_state
0.945 [ Info   ][Thread] Creating Thread for scheduler=ORO_SCHED_OTHER, priority=1, CPU affinity=0, with name='TaskBrowser'
0.945 [ Info   ][TaskBrowser] Thread created with scheduler type 'ORO_SCHED_OTHER', priority 0, cpu affinity 255 and period 0 (PID= 21392 ).
0.945 [ Info   ][Logger] Entering Task Deployer
96.642 [ Info   ][Logger] Ignoring deployment shutdown function due to missing peer.
96.642 [ Info   ][DeploymentComponent::stopComponentsGroup] Stopping group 0
96.644 [ Info   ][DeploymentComponent::stopComponentsGroup] Stopped actuatorsMgr
96.649 [ Info   ][DeploymentComponent::stopComponentsGroup] Stopped robot_hw
96.649 [ Info   ][DeploymentComponent::cleanupComponentsGroup] Cleaning up group 0
96.649 [ Info   ][DeploymentComponent::cleanupComponentsGroup] Cleaned up actuatorsMgr
